{"/home/egor/code/dev_overview/graphql/src/resolvers.ts": {"path":"/home/egor/code/dev_overview/graphql/src/resolvers.ts","all":false,"statementMap":{"0":{"start":{"line":1,"column":0},"end":{"line":1,"column":37}},"1":{"start":{"line":2,"column":0},"end":{"line":2,"column":0}},"2":{"start":{"line":3,"column":0},"end":{"line":3,"column":33}},"3":{"start":{"line":4,"column":0},"end":{"line":4,"column":30}},"4":{"start":{"line":5,"column":0},"end":{"line":5,"column":36}},"5":{"start":{"line":6,"column":0},"end":{"line":6,"column":23}},"6":{"start":{"line":7,"column":0},"end":{"line":7,"column":40}},"7":{"start":{"line":8,"column":0},"end":{"line":8,"column":5}},"8":{"start":{"line":9,"column":0},"end":{"line":9,"column":17}},"9":{"start":{"line":10,"column":0},"end":{"line":10,"column":1}},"10":{"start":{"line":11,"column":0},"end":{"line":11,"column":0}},"11":{"start":{"line":12,"column":0},"end":{"line":12,"column":36}},"12":{"start":{"line":13,"column":0},"end":{"line":13,"column":10}},"13":{"start":{"line":14,"column":0},"end":{"line":14,"column":20}},"14":{"start":{"line":15,"column":0},"end":{"line":15,"column":3}},"15":{"start":{"line":16,"column":0},"end":{"line":16,"column":2}}},"s":{"0":1,"1":1,"2":1,"3":2,"4":2,"5":2,"6":2,"7":2,"8":2,"9":2,"10":1,"11":1,"12":1,"13":1,"14":1,"15":1},"branchMap":{"0":{"type":"branch","line":3,"loc":{"start":{"line":3,"column":26},"end":{"line":10,"column":1}},"locations":[{"start":{"line":3,"column":26},"end":{"line":10,"column":1}}]},"1":{"type":"branch","line":7,"loc":{"start":{"line":7,"column":14},"end":{"line":7,"column":40}},"locations":[{"start":{"line":7,"column":14},"end":{"line":7,"column":40}}]},"2":{"type":"branch","line":12,"loc":{"start":{"line":12,"column":28},"end":{"line":12,"column":35}},"locations":[{"start":{"line":12,"column":28},"end":{"line":12,"column":35}}]}},"b":{"0":[2],"1":[2],"2":[1]},"fnMap":{"0":{"name":"getQueries","decl":{"start":{"line":3,"column":26},"end":{"line":10,"column":1}},"loc":{"start":{"line":3,"column":26},"end":{"line":10,"column":1}},"line":3},"1":{"name":"resolve","decl":{"start":{"line":7,"column":14},"end":{"line":7,"column":40}},"loc":{"start":{"line":7,"column":14},"end":{"line":7,"column":40}},"line":7},"2":{"name":"getResolvers","decl":{"start":{"line":12,"column":28},"end":{"line":12,"column":35}},"loc":{"start":{"line":12,"column":28},"end":{"line":12,"column":35}},"line":12}},"f":{"0":2,"1":2,"2":1}}
,"/home/egor/code/dev_overview/graphql/src/queries/me.ts": {"path":"/home/egor/code/dev_overview/graphql/src/queries/me.ts","all":false,"statementMap":{"0":{"start":{"line":1,"column":0},"end":{"line":1,"column":59}}},"s":{"0":1},"branchMap":{},"b":{},"fnMap":{"0":{"name":"_default","decl":{"start":{"line":1,"column":15},"end":{"line":1,"column":22}},"loc":{"start":{"line":1,"column":15},"end":{"line":1,"column":22}},"line":1}},"f":{"0":0}}
}
